mode: set
github.com/ssh-keyz/property-details/property/service.go:22.57,23.38 1 1
github.com/ssh-keyz/property-details/property/service.go:23.38,25.3 1 1
github.com/ssh-keyz/property-details/property/service.go:27.2,28.20 2 1
github.com/ssh-keyz/property-details/property/service.go:28.20,30.3 1 1
github.com/ssh-keyz/property-details/property/service.go:32.2,33.59 2 1
github.com/ssh-keyz/property-details/property/service.go:33.59,35.3 1 0
github.com/ssh-keyz/property-details/property/service.go:37.2,37.12 1 1
github.com/ssh-keyz/property-details/property/service.go:41.58,42.51 1 1
github.com/ssh-keyz/property-details/property/service.go:42.51,44.3 1 0
github.com/ssh-keyz/property-details/property/service.go:46.2,47.16 2 1
github.com/ssh-keyz/property-details/property/service.go:47.16,49.3 1 1
github.com/ssh-keyz/property-details/property/service.go:51.2,52.16 2 1
github.com/ssh-keyz/property-details/property/service.go:52.16,54.3 1 0
github.com/ssh-keyz/property-details/property/service.go:56.2,57.16 2 1
github.com/ssh-keyz/property-details/property/service.go:57.16,59.3 1 0
github.com/ssh-keyz/property-details/property/service.go:61.2,66.8 1 1
github.com/ssh-keyz/property-details/property/service.go:69.72,76.16 3 1
github.com/ssh-keyz/property-details/property/service.go:76.16,78.3 1 0
github.com/ssh-keyz/property-details/property/service.go:79.2,82.16 3 1
github.com/ssh-keyz/property-details/property/service.go:82.16,84.3 1 0
github.com/ssh-keyz/property-details/property/service.go:85.2,92.68 3 1
github.com/ssh-keyz/property-details/property/service.go:92.68,94.3 1 1
github.com/ssh-keyz/property-details/property/service.go:96.2,96.23 1 1
github.com/ssh-keyz/property-details/property/service.go:96.23,98.3 1 1
github.com/ssh-keyz/property-details/property/service.go:100.2,101.16 2 1
github.com/ssh-keyz/property-details/property/service.go:101.16,103.3 1 1
github.com/ssh-keyz/property-details/property/service.go:105.2,106.16 2 1
github.com/ssh-keyz/property-details/property/service.go:106.16,108.3 1 0
github.com/ssh-keyz/property-details/property/service.go:110.2,113.8 1 1
github.com/ssh-keyz/property-details/property/service.go:116.72,123.16 3 1
github.com/ssh-keyz/property-details/property/service.go:123.16,125.3 1 0
github.com/ssh-keyz/property-details/property/service.go:127.2,128.16 2 1
github.com/ssh-keyz/property-details/property/service.go:128.16,130.3 1 0
github.com/ssh-keyz/property-details/property/service.go:131.2,134.72 3 1
github.com/ssh-keyz/property-details/property/service.go:134.72,136.3 1 1
github.com/ssh-keyz/property-details/property/service.go:138.2,140.57 3 1
github.com/ssh-keyz/property-details/property/service.go:140.57,142.3 1 0
github.com/ssh-keyz/property-details/property/service.go:144.2,151.29 2 1
github.com/ssh-keyz/property-details/property/service.go:151.29,157.76 4 1
github.com/ssh-keyz/property-details/property/service.go:157.76,158.36 1 1
github.com/ssh-keyz/property-details/property/service.go:158.36,160.5 1 1
github.com/ssh-keyz/property-details/property/service.go:161.4,161.29 1 1
github.com/ssh-keyz/property-details/property/service.go:161.29,163.5 1 1
github.com/ssh-keyz/property-details/property/service.go:166.3,166.38 1 1
github.com/ssh-keyz/property-details/property/service.go:166.38,168.4 1 0
github.com/ssh-keyz/property-details/property/service.go:168.9,168.50 1 1
github.com/ssh-keyz/property-details/property/service.go:168.50,170.4 1 0
github.com/ssh-keyz/property-details/property/service.go:172.3,172.34 1 1
github.com/ssh-keyz/property-details/property/service.go:172.34,174.4 1 1
github.com/ssh-keyz/property-details/property/service.go:176.3,176.27 1 1
github.com/ssh-keyz/property-details/property/service.go:176.27,178.4 1 1
github.com/ssh-keyz/property-details/property/service.go:178.9,180.4 1 0
github.com/ssh-keyz/property-details/property/service.go:182.3,182.87 1 1
github.com/ssh-keyz/property-details/property/service.go:182.87,184.4 1 0
github.com/ssh-keyz/property-details/property/service.go:186.3,186.41 1 1
github.com/ssh-keyz/property-details/property/service.go:186.41,188.4 1 1
github.com/ssh-keyz/property-details/property/service.go:189.3,189.43 1 1
github.com/ssh-keyz/property-details/property/service.go:189.43,191.4 1 0
github.com/ssh-keyz/property-details/property/service.go:194.2,194.21 1 1
github.com/ssh-keyz/property-details/property/service.go:197.75,213.16 4 1
github.com/ssh-keyz/property-details/property/service.go:213.16,215.3 1 0
github.com/ssh-keyz/property-details/property/service.go:216.2,219.72 3 1
github.com/ssh-keyz/property-details/property/service.go:219.72,221.3 1 1
github.com/ssh-keyz/property-details/property/service.go:223.2,237.57 3 1
github.com/ssh-keyz/property-details/property/service.go:237.57,239.3 1 0
github.com/ssh-keyz/property-details/property/service.go:241.2,242.42 2 1
github.com/ssh-keyz/property-details/property/service.go:242.42,243.30 1 1
github.com/ssh-keyz/property-details/property/service.go:243.30,244.12 1 0
github.com/ssh-keyz/property-details/property/service.go:247.3,248.29 2 1
github.com/ssh-keyz/property-details/property/service.go:248.29,251.4 2 1
github.com/ssh-keyz/property-details/property/service.go:251.9,251.35 1 1
github.com/ssh-keyz/property-details/property/service.go:251.35,254.4 2 1
github.com/ssh-keyz/property-details/property/service.go:254.9,256.12 2 1
github.com/ssh-keyz/property-details/property/service.go:259.3,259.49 1 1
github.com/ssh-keyz/property-details/property/service.go:259.49,262.12 2 1
github.com/ssh-keyz/property-details/property/service.go:265.3,276.36 5 1
github.com/ssh-keyz/property-details/property/service.go:279.2,279.21 1 1
github.com/ssh-keyz/property-details/property/service.go:284.49,288.2 1 1
github.com/ssh-keyz/property-details/property/service.go:290.51,293.29 2 1
github.com/ssh-keyz/property-details/property/service.go:293.29,295.3 1 1
github.com/ssh-keyz/property-details/property/service.go:297.2,297.27 1 1
github.com/ssh-keyz/property-details/property/service.go:297.27,299.3 1 1
github.com/ssh-keyz/property-details/property/service.go:300.2,300.28 1 1
github.com/ssh-keyz/property-details/property/service.go:300.28,302.3 1 1
github.com/ssh-keyz/property-details/property/service.go:303.2,303.31 1 1
github.com/ssh-keyz/property-details/property/service.go:303.31,305.3 1 0
github.com/ssh-keyz/property-details/property/service.go:306.2,306.26 1 1
github.com/ssh-keyz/property-details/property/service.go:306.26,308.3 1 0
github.com/ssh-keyz/property-details/property/service.go:309.2,309.30 1 1
github.com/ssh-keyz/property-details/property/service.go:309.30,311.3 1 1
github.com/ssh-keyz/property-details/property/service.go:313.2,313.25 1 1
github.com/ssh-keyz/property-details/property/service.go:316.44,318.33 2 1
github.com/ssh-keyz/property-details/property/service.go:318.33,320.3 1 1
github.com/ssh-keyz/property-details/property/service.go:321.2,322.35 2 1
github.com/ssh-keyz/property-details/property/service.go:325.54,327.2 1 1
github.com/ssh-keyz/property-details/property/service.go:329.64,347.2 11 1
github.com/ssh-keyz/property-details/property/types.go:45.28,58.2 1 1
github.com/ssh-keyz/property-details/main.go:18.76,19.32 1 1
github.com/ssh-keyz/property-details/main.go:19.32,22.3 2 1
github.com/ssh-keyz/property-details/main.go:24.2,25.19 2 1
github.com/ssh-keyz/property-details/main.go:25.19,28.3 2 1
github.com/ssh-keyz/property-details/main.go:31.2,32.16 2 1
github.com/ssh-keyz/property-details/main.go:32.16,35.3 2 0
github.com/ssh-keyz/property-details/main.go:37.2,38.16 2 1
github.com/ssh-keyz/property-details/main.go:38.16,41.3 2 1
github.com/ssh-keyz/property-details/main.go:43.2,44.33 2 1
github.com/ssh-keyz/property-details/main.go:47.13,56.55 5 0
github.com/ssh-keyz/property-details/main.go:56.55,58.3 1 0
